{"name": "E2E: Registration -> Add 2 products -> Check cart -> Checkout", "status": "failed", "statusDetails": {"message": "AssertionError: Locator expected to be visible\nActual value: None\nError: element(s) not found \nCall log:\n  - Expect \"to_be_visible\" with timeout 5000ms\n  - waiting for locator(\"input[data-qa=\\\"signup-name\\\"]\")", "trace": "page = <Page url='https://www.automationexercise.com/login'>\n\n    @allure.title(\"E2E: Registration -> Add 2 products -> Check cart -> Checkout\")\n    def test_e2e_buy_flow(page):\n        home = HomePage(page)\n        signup = SignupLoginPage(page)\n        products = ProductsPage(page)\n        cart = CartPage(page)\n        checkout = CheckoutPage(page)\n    \n        with allure.step(\"Open home page\"):\n            home.open_home()\n    \n        with allure.step(\"Go to Signup/Login\"):\n            home.go_to_signup_login()\n    \n        with allure.step(\"Register new user\"):\n            email = unique_email()\n>           signup.start_signup(name=\"TestUser\", email=email)\n\ntests\\test_e2e_buy_flow.py:27: \n_ _ _ _ _ _ _ _ _ _ _ _ _ _ _ _ _ _ _ _ _ _ _ _ _ _ _ _ _ _ _ _ _ _ _ _ _ _ _ _ _ _ _ _ _ _ _ _ _ _ _ _ _ _ _ _ _ _ _\n\nself = <pages.signup_login_page.SignupLoginPage object at 0x000001FE348B7010>, name = 'TestUser'\nemail = 'test_1768683280@mailinator.com'\n\n    def start_signup(self, name: str, email: str):\n>       expect(self.new_user_name).to_be_visible()\nE       AssertionError: Locator expected to be visible\nE       Actual value: None\nE       Error: element(s) not found \nE       Call log:\nE         - Expect \"to_be_visible\" with timeout 5000ms\nE         - waiting for locator(\"input[data-qa=\\\"signup-name\\\"]\")\n\npages\\signup_login_page.py:33: AssertionError"}, "steps": [{"name": "Open home page", "status": "passed", "start": 1768683269135, "stop": 1768683271190}, {"name": "Go to Signup/Login", "status": "passed", "start": 1768683271190, "stop": 1768683280903}, {"name": "Register new user", "status": "failed", "statusDetails": {"message": "AssertionError: Locator expected to be visible\nActual value: None\nError: element(s) not found \nCall log:\n  - Expect \"to_be_visible\" with timeout 5000ms\n  - waiting for locator(\"input[data-qa=\\\"signup-name\\\"]\")\n\n", "trace": "  File \"C:\\risk analiz\\tests\\test_e2e_buy_flow.py\", line 27, in test_e2e_buy_flow\n    signup.start_signup(name=\"TestUser\", email=email)\n  File \"C:\\risk analiz\\pages\\signup_login_page.py\", line 33, in start_signup\n    expect(self.new_user_name).to_be_visible()\n  File \"C:\\risk analiz\\.venv\\Lib\\site-packages\\playwright\\sync_api\\_generated.py\", line 20529, in to_be_visible\n    self._sync(self._impl_obj.to_be_visible(visible=visible, timeout=timeout))\n  File \"C:\\risk analiz\\.venv\\Lib\\site-packages\\playwright\\_impl\\_sync_base.py\", line 115, in _sync\n    return task.result()\n           ^^^^^^^^^^^^^\n  File \"C:\\risk analiz\\.venv\\Lib\\site-packages\\playwright\\_impl\\_assertions.py\", line 765, in to_be_visible\n    await self._expect_impl(\n  File \"C:\\risk analiz\\.venv\\Lib\\site-packages\\playwright\\_impl\\_assertions.py\", line 85, in _expect_impl\n    raise AssertionError(\n"}, "start": 1768683280903, "stop": 1768683285629}], "start": 1768683269135, "stop": 1768683285630, "uuid": "2f775df3-9500-4cd1-aafe-9b0ee6124827", "testCaseId": "12abc5b9913d2adccd051e2b788e015d", "fullName": "tests.test_e2e_buy_flow#test_e2e_buy_flow", "titlePath": ["tests", "test_e2e_buy_flow.py"]}