{"name": "E2E: Registration -> Add 2 products -> Check cart -> Checkout", "status": "failed", "statusDetails": {"message": "AssertionError: Locator expected to be visible\nActual value: None\nError: element(s) not found \nCall log:\n  - Expect \"to_be_visible\" with timeout 5000ms\n  - waiting for locator(\"input[data-qa=\\\"name-on-card\\\"]\")", "trace": "page = <Page url='https://www.automationexercise.com/checkout#google_vignette'>\n\n    @allure.title(\"E2E: Registration -> Add 2 products -> Check cart -> Checkout\")\n    def test_e2e_buy_flow(page):\n        home = HomePage(page)\n        signup = SignupLoginPage(page)\n        products = ProductsPage(page)\n        cart = CartPage(page)\n        checkout = CheckoutPage(page)\n    \n        with allure.step(\"Open home page\"):\n            home.open_home()\n    \n        with allure.step(\"Go to Signup/Login\"):\n            home.go_to_signup_login()\n    \n        with allure.step(\"Register new user\"):\n            email = unique_email()\n            signup.start_signup(name=\"TestUser\", email=email)\n            signup.fill_account_info_and_create(password=\"Password123!\")\n            signup.confirm_account_created()\n    \n        with allure.step(\"Go to Products\"):\n            home.go_to_products()\n            products.ensure_opened()\n    \n        with allure.step(\"Add first two products to cart and open cart\"):\n            products.add_first_two_products_to_cart()\n    \n        with allure.step(\"Verify 2 items in cart\"):\n            cart.verify_two_items_in_cart()\n    \n        with allure.step(\"Proceed to checkout\"):\n            cart.proceed_to_checkout()\n            checkout.ensure_checkout_opened()\n    \n        with allure.step(\"Place order and pay\"):\n>           checkout.place_order_and_pay()\n\ntests\\test_e2e_buy_flow.py:46: \n_ _ _ _ _ _ _ _ _ _ _ _ _ _ _ _ _ _ _ _ _ _ _ _ _ _ _ _ _ _ _ _ _ _ _ _ _ _ _ _ _ _ _ _ _ _ _ _ _ _ _ _ _ _ _ _ _ _ _\n\nself = <pages.checkout_page.CheckoutPage object at 0x000001B5074AE390>\n\n    def place_order_and_pay(self):\n        self.page.mouse.wheel(0, 2000)\n        self.place_order_btn.click()\n    \n        # Ждём поля оплаты\n>       expect(self.name_on_card).to_be_visible()\nE       AssertionError: Locator expected to be visible\nE       Actual value: None\nE       Error: element(s) not found \nE       Call log:\nE         - Expect \"to_be_visible\" with timeout 5000ms\nE         - waiting for locator(\"input[data-qa=\\\"name-on-card\\\"]\")\n\npages\\checkout_page.py:33: AssertionError"}, "steps": [{"name": "Open home page", "status": "passed", "start": 1768683098926, "stop": 1768683101367}, {"name": "Go to Signup/Login", "status": "passed", "start": 1768683101367, "stop": 1768683102158}, {"name": "Register new user", "status": "passed", "start": 1768683102159, "stop": 1768683110141}, {"name": "Go to Products", "status": "passed", "start": 1768683110141, "stop": 1768683111198}, {"name": "Add first two products to cart and open cart", "status": "passed", "start": 1768683111198, "stop": 1768683114454}, {"name": "Verify 2 items in cart", "status": "passed", "start": 1768683114454, "stop": 1768683114474}, {"name": "Proceed to checkout", "status": "passed", "start": 1768683114474, "stop": 1768683115480}, {"name": "Place order and pay", "status": "failed", "statusDetails": {"message": "AssertionError: Locator expected to be visible\nActual value: None\nError: element(s) not found \nCall log:\n  - Expect \"to_be_visible\" with timeout 5000ms\n  - waiting for locator(\"input[data-qa=\\\"name-on-card\\\"]\")\n\n", "trace": "  File \"C:\\risk analiz\\tests\\test_e2e_buy_flow.py\", line 46, in test_e2e_buy_flow\n    checkout.place_order_and_pay()\n  File \"C:\\risk analiz\\pages\\checkout_page.py\", line 33, in place_order_and_pay\n    expect(self.name_on_card).to_be_visible()\n  File \"C:\\risk analiz\\.venv\\Lib\\site-packages\\playwright\\sync_api\\_generated.py\", line 20529, in to_be_visible\n    self._sync(self._impl_obj.to_be_visible(visible=visible, timeout=timeout))\n  File \"C:\\risk analiz\\.venv\\Lib\\site-packages\\playwright\\_impl\\_sync_base.py\", line 115, in _sync\n    return task.result()\n           ^^^^^^^^^^^^^\n  File \"C:\\risk analiz\\.venv\\Lib\\site-packages\\playwright\\_impl\\_assertions.py\", line 765, in to_be_visible\n    await self._expect_impl(\n  File \"C:\\risk analiz\\.venv\\Lib\\site-packages\\playwright\\_impl\\_assertions.py\", line 85, in _expect_impl\n    raise AssertionError(\n"}, "start": 1768683115480, "stop": 1768683160769}], "start": 1768683098923, "stop": 1768683160779, "uuid": "625c8605-8879-4353-9308-433d64e78c05", "historyId": "12abc5b9913d2adccd051e2b788e015d", "testCaseId": "12abc5b9913d2adccd051e2b788e015d", "fullName": "tests.test_e2e_buy_flow#test_e2e_buy_flow", "labels": [{"name": "parentSuite", "value": "tests"}, {"name": "suite", "value": "test_e2e_buy_flow"}, {"name": "host", "value": "DESKTOP-8618054"}, {"name": "thread", "value": "3692-MainThread"}, {"name": "framework", "value": "pytest"}, {"name": "language", "value": "cpython3"}, {"name": "package", "value": "tests.test_e2e_buy_flow"}], "titlePath": ["tests", "test_e2e_buy_flow.py"]}